Assembler report for DE0_top
Fri Jan 08 15:36:36 2016
Quartus II 32-bit Version 12.1 Build 177 11/07/2012 SJ Full Version


---------------------
; Table of Contents ;
---------------------
  1. Legal Notice
  2. Assembler Summary
  3. Assembler Settings
  4. Assembler Generated Files
  5. Assembler Device Options: F:/TP1_vhdl/TP1_Affichage_VGA_DE0/fit/DE0_top.sof
  6. Assembler Device Options: F:/TP1_vhdl/TP1_Affichage_VGA_DE0/fit/DE0_top.rbf
  7. Assembler Messages



----------------
; Legal Notice ;
----------------
Copyright (C) 1991-2012 Altera Corporation
Your use of Altera Corporation's design tools, logic functions 
and other software and tools, and its AMPP partner logic 
functions, and any output files from any of the foregoing 
(including device programming or simulation files), and any 
associated documentation or information are expressly subject 
to the terms and conditions of the Altera Program License 
Subscription Agreement, Altera MegaCore Function License 
Agreement, or other applicable license agreement, including, 
without limitation, that your use is for the sole purpose of 
programming logic devices manufactured by Altera and sold by 
Altera or its authorized distributors.  Please refer to the 
applicable agreement for further details.



+---------------------------------------------------------------+
; Assembler Summary                                             ;
+-----------------------+---------------------------------------+
; Assembler Status      ; Successful - Fri Jan 08 15:36:36 2016 ;
; Revision Name         ; DE0_top                               ;
; Top-level Entity Name ; DE0_top                               ;
; Family                ; Cyclone III                           ;
; Device                ; EP3C16F484C6                          ;
+-----------------------+---------------------------------------+


+--------------------------------------------------------------------------------------------------------+
; Assembler Settings                                                                                     ;
+-----------------------------------------------------------------------------+----------+---------------+
; Option                                                                      ; Setting  ; Default Value ;
+-----------------------------------------------------------------------------+----------+---------------+
; Generate Raw Binary File (.rbf) For Target Device                           ; On       ; Off           ;
; Use smart compilation                                                       ; Off      ; Off           ;
; Enable parallel Assembler and TimeQuest Timing Analyzer during compilation  ; On       ; On            ;
; Enable compact report table                                                 ; Off      ; Off           ;
; Generate compressed bitstreams                                              ; On       ; On            ;
; Compression mode                                                            ; Off      ; Off           ;
; Clock source for configuration device                                       ; Internal ; Internal      ;
; Clock frequency of the configuration device                                 ; 10 MHZ   ; 10 MHz        ;
; Divide clock frequency by                                                   ; 1        ; 1             ;
; Auto user code                                                              ; Off      ; Off           ;
; Use configuration device                                                    ; Off      ; Off           ;
; Configuration device                                                        ; Auto     ; Auto          ;
; Configuration device auto user code                                         ; Off      ; Off           ;
; Generate Tabular Text File (.ttf) For Target Device                         ; Off      ; Off           ;
; Generate Hexadecimal (Intel-Format) Output File (.hexout) for Target Device ; Off      ; Off           ;
; Hexadecimal Output File start address                                       ; 0        ; 0             ;
; Hexadecimal Output File count direction                                     ; Up       ; Up            ;
; Release clears before tri-states                                            ; Off      ; Off           ;
; Auto-restart configuration after error                                      ; On       ; On            ;
; Enable OCT_DONE                                                             ; Off      ; Off           ;
; Generate Serial Vector Format File (.svf) for Target Device                 ; Off      ; Off           ;
; Generate a JEDEC STAPL Format File (.jam) for Target Device                 ; Off      ; Off           ;
; Generate a compressed Jam STAPL Byte Code 2.0 File (.jbc) for Target Device ; Off      ; Off           ;
; Generate a compressed Jam STAPL Byte Code 2.0 File (.jbc) for Target Device ; On       ; On            ;
+-----------------------------------------------------------------------------+----------+---------------+


+---------------------------------------------------+
; Assembler Generated Files                         ;
+---------------------------------------------------+
; File Name                                         ;
+---------------------------------------------------+
; F:/TP1_vhdl/TP1_Affichage_VGA_DE0/fit/DE0_top.sof ;
; F:/TP1_vhdl/TP1_Affichage_VGA_DE0/fit/DE0_top.rbf ;
+---------------------------------------------------+


+-----------------------------------------------------------------------------+
; Assembler Device Options: F:/TP1_vhdl/TP1_Affichage_VGA_DE0/fit/DE0_top.sof ;
+----------------+------------------------------------------------------------+
; Option         ; Setting                                                    ;
+----------------+------------------------------------------------------------+
; Device         ; EP3C16F484C6                                               ;
; JTAG usercode  ; 0xFFFFFFFF                                                 ;
; Checksum       ; 0x000D7C53                                                 ;
+----------------+------------------------------------------------------------+


+-----------------------------------------------------------------------------+
; Assembler Device Options: F:/TP1_vhdl/TP1_Affichage_VGA_DE0/fit/DE0_top.rbf ;
+---------------------+-------------------------------------------------------+
; Option              ; Setting                                               ;
+---------------------+-------------------------------------------------------+
; Raw Binary File     ;                                                       ;
;  Compression Ratio  ; 3                                                     ;
+---------------------+-------------------------------------------------------+


+--------------------+
; Assembler Messages ;
+--------------------+
Info: *******************************************************************
Info: Running Quartus II 32-bit Assembler
    Info: Version 12.1 Build 177 11/07/2012 SJ Full Version
    Info: Processing started: Fri Jan 08 15:36:29 2016
Info: Command: quartus_asm --read_settings_files=off --write_settings_files=off DE0_top -c DE0_top
Info (115031): Writing out detailed assembly data for power analysis
Info (115030): Assembler is generating device programming files
Info: Quartus II 32-bit Assembler was successful. 0 errors, 0 warnings
    Info: Peak virtual memory: 340 megabytes
    Info: Processing ended: Fri Jan 08 15:36:36 2016
    Info: Elapsed time: 00:00:07
    Info: Total CPU time (on all processors): 00:00:02


