
*** Running vivado
    with args -log top.vds -m64 -mode batch -messageDb vivado.pb -source top.tcl


****** Vivado v2014.4 (64-bit)
  **** SW Build 1071353 on Tue Nov 18 16:47:07 MST 2014
  **** IP Build 1070531 on Tue Nov 18 01:10:18 MST 2014
    ** Copyright 1986-2014 Xilinx, Inc. All Rights Reserved.

source top.tcl
# set_param gui.test TreeTableDev
# set_param xicom.use_bs_reader 1
# debug::add_scope template.lib 1
# set_msg_config -id {HDL 9-1061} -limit 100000
# set_msg_config -id {HDL 9-1654} -limit 100000
# create_project -in_memory -part xc7z020clg484-1
# set_param project.compositeFile.enableAutoGeneration 0
# set_param synth.vivado.isSynthRun true
# set_property webtalk.parent_dir /nfs/home/sasl/eleves/ei-se/3410586/drone/FPGA/FPGArcade/FPGArcade.cache/wt [current_project]
# set_property parent.project_path /nfs/home/sasl/eleves/ei-se/3410586/drone/FPGA/FPGArcade/FPGArcade.xpr [current_project]
# set_property default_lib xil_defaultlib [current_project]
# set_property target_language Verilog [current_project]
# set_property board_part em.avnet.com:zed:part0:1.2 [current_project]
# read_vhdl -library xil_defaultlib {
#   /nfs/home/sasl/eleves/ei-se/3410586/drone/FPGA/Sources/MAE.vhd
#   /nfs/home/sasl/eleves/ei-se/3410586/drone/FPGA/Sources/pong_package.vhd
#   /nfs/home/sasl/eleves/ei-se/3410586/drone/FPGA/Sources/Timer_Lost.vhd
#   /nfs/home/sasl/eleves/ei-se/3410586/drone/FPGA/Sources/Tempo_pause.vhd
#   /nfs/home/sasl/eleves/ei-se/3410586/drone/FPGA/Sources/mode.vhd
#   /nfs/home/sasl/eleves/ei-se/3410586/drone/FPGA/Sources/game_mgr.vhd
#   /nfs/home/sasl/eleves/ei-se/3410586/drone/FPGA/Sources/mas_sla_mgr.vhd
#   /nfs/home/sasl/eleves/ei-se/3410586/drone/FPGA/Sources/move.vhd
#   /nfs/home/sasl/eleves/ei-se/3410586/drone/FPGA/Sources/brick.vhd
#   /nfs/home/sasl/eleves/ei-se/3410586/drone/FPGA/Sources/decor.vhd
#   /nfs/home/sasl/eleves/ei-se/3410586/drone/FPGA/Sources/UARTcomponent.vhd
#   /nfs/home/sasl/eleves/ei-se/3410586/drone/FPGA/Sources/display.vhd
#   /nfs/home/sasl/eleves/ei-se/3410586/drone/FPGA/Sources/pad.vhd
#   /nfs/home/sasl/eleves/ei-se/3410586/drone/FPGA/Sources/ball.vhd
#   /nfs/home/sasl/eleves/ei-se/3410586/drone/FPGA/Sources/bounce.vhd
#   /nfs/home/sasl/eleves/ei-se/3410586/drone/FPGA/Sources/move_RS232.vhd
#   /nfs/home/sasl/eleves/ei-se/3410586/drone/FPGA/Sources/rotary.vhd
#   /nfs/home/sasl/eleves/ei-se/3410586/drone/FPGA/Sources/ClkDiv.vhd
#   /nfs/home/sasl/eleves/ei-se/3410586/drone/FPGA/Sources/button_mgr.vhd
#   /nfs/home/sasl/eleves/ei-se/3410586/drone/FPGA/Sources/ip_rotary.vhd
#   /nfs/home/sasl/eleves/ei-se/3410586/drone/FPGA/Sources/ip_uart.vhd
#   /nfs/home/sasl/eleves/ei-se/3410586/drone/FPGA/Sources/game.vhd
#   /nfs/home/sasl/eleves/ei-se/3410586/drone/FPGA/Sources/VGA.vhd
#   /nfs/home/sasl/eleves/ei-se/3410586/drone/FPGA/Sources/objects.vhd
#   /nfs/home/sasl/eleves/ei-se/3410586/drone/FPGA/Sources/switch_mgr.vhd
#   /nfs/home/sasl/eleves/ei-se/3410586/drone/FPGA/Sources/top.vhd
# }
# read_xdc /nfs/home/sasl/eleves/ei-se/3410586/drone/FPGA/FPGArcade/FPGArcade.srcs/constrs_1/new/Constraint.xdc
# set_property used_in_implementation false [get_files /nfs/home/sasl/eleves/ei-se/3410586/drone/FPGA/FPGArcade/FPGArcade.srcs/constrs_1/new/Constraint.xdc]
# catch { write_hwdef -file top.hwdef }
INFO: [Vivado_Tcl 4-279] hardware handoff file cannot be generated as there is no block diagram instance in the design
# synth_design -top top -part xc7z020clg484-1
Command: synth_design -top top -part xc7z020clg484-1
Starting synth_design
Attempting to get a license for feature 'Synthesis' and/or device 'xc7z020'
INFO: [Common 17-349] Got license for feature 'Synthesis' and/or device 'xc7z020'
INFO: [Common 17-1223] The version limit for your license is '2015.06' and will expire in -308 days. A version limit expiration means that, although you may be able to continue to use the current version of tools or IP with this license, you will not be eligible for any updates or new releases.
---------------------------------------------------------------------------------
Starting RTL Elaboration : Time (s): cpu = 00:00:03 ; elapsed = 00:00:03 . Memory (MB): peak = 888.223 ; gain = 142.734 ; free physical = 1183 ; free virtual = 4408
---------------------------------------------------------------------------------
INFO: [Synth 8-638] synthesizing module 'top' [/nfs/home/sasl/eleves/ei-se/3410586/drone/FPGA/Sources/top.vhd:29]
INFO: [Synth 8-638] synthesizing module 'ClkDiv' [/nfs/home/sasl/eleves/ei-se/3410586/drone/FPGA/Sources/ClkDiv.vhd:14]
INFO: [Synth 8-256] done synthesizing module 'ClkDiv' (1#1) [/nfs/home/sasl/eleves/ei-se/3410586/drone/FPGA/Sources/ClkDiv.vhd:14]
INFO: [Synth 8-638] synthesizing module 'switch_mgr' [/nfs/home/sasl/eleves/ei-se/3410586/drone/FPGA/Sources/switch_mgr.vhd:20]
INFO: [Synth 8-256] done synthesizing module 'switch_mgr' (2#1) [/nfs/home/sasl/eleves/ei-se/3410586/drone/FPGA/Sources/switch_mgr.vhd:20]
INFO: [Synth 8-638] synthesizing module 'button_mgr' [/nfs/home/sasl/eleves/ei-se/3410586/drone/FPGA/Sources/button_mgr.vhd:22]
INFO: [Synth 8-256] done synthesizing module 'button_mgr' (3#1) [/nfs/home/sasl/eleves/ei-se/3410586/drone/FPGA/Sources/button_mgr.vhd:22]
INFO: [Synth 8-638] synthesizing module 'ip_rotary' [/nfs/home/sasl/eleves/ei-se/3410586/drone/FPGA/Sources/ip_rotary.vhd:23]
INFO: [Synth 8-638] synthesizing module 'rotary' [/nfs/home/sasl/eleves/ei-se/3410586/drone/FPGA/Sources/rotary.vhd:22]
INFO: [Synth 8-256] done synthesizing module 'rotary' (4#1) [/nfs/home/sasl/eleves/ei-se/3410586/drone/FPGA/Sources/rotary.vhd:22]
INFO: [Synth 8-638] synthesizing module 'Move' [/nfs/home/sasl/eleves/ei-se/3410586/drone/FPGA/Sources/move.vhd:17]
INFO: [Synth 8-256] done synthesizing module 'Move' (5#1) [/nfs/home/sasl/eleves/ei-se/3410586/drone/FPGA/Sources/move.vhd:17]
INFO: [Synth 8-256] done synthesizing module 'ip_rotary' (6#1) [/nfs/home/sasl/eleves/ei-se/3410586/drone/FPGA/Sources/ip_rotary.vhd:23]
INFO: [Synth 8-638] synthesizing module 'ip_uart' [/nfs/home/sasl/eleves/ei-se/3410586/drone/FPGA/Sources/ip_uart.vhd:26]
INFO: [Synth 8-638] synthesizing module 'UARTcomponent' [/nfs/home/sasl/eleves/ei-se/3410586/drone/FPGA/Sources/UARTcomponent.vhd:25]
INFO: [Synth 8-256] done synthesizing module 'UARTcomponent' (7#1) [/nfs/home/sasl/eleves/ei-se/3410586/drone/FPGA/Sources/UARTcomponent.vhd:25]
INFO: [Synth 8-638] synthesizing module 'move_RS232' [/nfs/home/sasl/eleves/ei-se/3410586/drone/FPGA/Sources/move_RS232.vhd:35]
INFO: [Synth 8-256] done synthesizing module 'move_RS232' (8#1) [/nfs/home/sasl/eleves/ei-se/3410586/drone/FPGA/Sources/move_RS232.vhd:35]
INFO: [Synth 8-256] done synthesizing module 'ip_uart' (9#1) [/nfs/home/sasl/eleves/ei-se/3410586/drone/FPGA/Sources/ip_uart.vhd:26]
INFO: [Synth 8-638] synthesizing module 'objects' [/nfs/home/sasl/eleves/ei-se/3410586/drone/FPGA/Sources/objects.vhd:51]
INFO: [Synth 8-638] synthesizing module 'decor' [/nfs/home/sasl/eleves/ei-se/3410586/drone/FPGA/Sources/decor.vhd:40]
INFO: [Synth 8-256] done synthesizing module 'decor' (10#1) [/nfs/home/sasl/eleves/ei-se/3410586/drone/FPGA/Sources/decor.vhd:40]
INFO: [Synth 8-638] synthesizing module 'pad' [/nfs/home/sasl/eleves/ei-se/3410586/drone/FPGA/Sources/pad.vhd:46]
WARNING: [Synth 8-614] signal 'longueur' is read in the process but is not in the sensitivity list [/nfs/home/sasl/eleves/ei-se/3410586/drone/FPGA/Sources/pad.vhd:175]
INFO: [Synth 8-256] done synthesizing module 'pad' (11#1) [/nfs/home/sasl/eleves/ei-se/3410586/drone/FPGA/Sources/pad.vhd:46]
INFO: [Synth 8-638] synthesizing module 'bounce' [/nfs/home/sasl/eleves/ei-se/3410586/drone/FPGA/Sources/bounce.vhd:59]
INFO: [Synth 8-256] done synthesizing module 'bounce' (12#1) [/nfs/home/sasl/eleves/ei-se/3410586/drone/FPGA/Sources/bounce.vhd:59]
INFO: [Synth 8-638] synthesizing module 'ball' [/nfs/home/sasl/eleves/ei-se/3410586/drone/FPGA/Sources/ball.vhd:43]
INFO: [Synth 8-256] done synthesizing module 'ball' (13#1) [/nfs/home/sasl/eleves/ei-se/3410586/drone/FPGA/Sources/ball.vhd:43]
INFO: [Synth 8-638] synthesizing module 'brick_ctrl' [/nfs/home/sasl/eleves/ei-se/3410586/drone/FPGA/Sources/brick.vhd:22]
INFO: [Synth 8-256] done synthesizing module 'brick_ctrl' (14#1) [/nfs/home/sasl/eleves/ei-se/3410586/drone/FPGA/Sources/brick.vhd:22]
INFO: [Synth 8-256] done synthesizing module 'objects' (15#1) [/nfs/home/sasl/eleves/ei-se/3410586/drone/FPGA/Sources/objects.vhd:51]
INFO: [Synth 8-638] synthesizing module 'game' [/nfs/home/sasl/eleves/ei-se/3410586/drone/FPGA/Sources/game.vhd:53]
INFO: [Synth 8-638] synthesizing module 'display' [/nfs/home/sasl/eleves/ei-se/3410586/drone/FPGA/Sources/display.vhd:30]
INFO: [Synth 8-256] done synthesizing module 'display' (16#1) [/nfs/home/sasl/eleves/ei-se/3410586/drone/FPGA/Sources/display.vhd:30]
INFO: [Synth 8-638] synthesizing module 'mode' [/nfs/home/sasl/eleves/ei-se/3410586/drone/FPGA/Sources/mode.vhd:21]
INFO: [Synth 8-638] synthesizing module 'Tempo_pause' [/nfs/home/sasl/eleves/ei-se/3410586/drone/FPGA/Sources/Tempo_pause.vhd:16]
INFO: [Synth 8-256] done synthesizing module 'Tempo_pause' (17#1) [/nfs/home/sasl/eleves/ei-se/3410586/drone/FPGA/Sources/Tempo_pause.vhd:16]
INFO: [Synth 8-638] synthesizing module 'Timer_Lost' [/nfs/home/sasl/eleves/ei-se/3410586/drone/FPGA/Sources/Timer_Lost.vhd:17]
INFO: [Synth 8-256] done synthesizing module 'Timer_Lost' (18#1) [/nfs/home/sasl/eleves/ei-se/3410586/drone/FPGA/Sources/Timer_Lost.vhd:17]
INFO: [Synth 8-638] synthesizing module 'MAE' [/nfs/home/sasl/eleves/ei-se/3410586/drone/FPGA/Sources/MAE.vhd:24]
INFO: [Synth 8-256] done synthesizing module 'MAE' (19#1) [/nfs/home/sasl/eleves/ei-se/3410586/drone/FPGA/Sources/MAE.vhd:24]
INFO: [Synth 8-256] done synthesizing module 'mode' (20#1) [/nfs/home/sasl/eleves/ei-se/3410586/drone/FPGA/Sources/mode.vhd:21]
INFO: [Synth 8-638] synthesizing module 'game_mgr' [/nfs/home/sasl/eleves/ei-se/3410586/drone/FPGA/Sources/game_mgr.vhd:15]
INFO: [Synth 8-256] done synthesizing module 'game_mgr' (21#1) [/nfs/home/sasl/eleves/ei-se/3410586/drone/FPGA/Sources/game_mgr.vhd:15]
INFO: [Synth 8-638] synthesizing module 'master_slave_mgr' [/nfs/home/sasl/eleves/ei-se/3410586/drone/FPGA/Sources/mas_sla_mgr.vhd:18]
INFO: [Synth 8-256] done synthesizing module 'master_slave_mgr' (22#1) [/nfs/home/sasl/eleves/ei-se/3410586/drone/FPGA/Sources/mas_sla_mgr.vhd:18]
WARNING: [Synth 8-3848] Net lost_game in module/entity game does not have driver. [/nfs/home/sasl/eleves/ei-se/3410586/drone/FPGA/Sources/game.vhd:57]
INFO: [Synth 8-256] done synthesizing module 'game' (23#1) [/nfs/home/sasl/eleves/ei-se/3410586/drone/FPGA/Sources/game.vhd:53]
INFO: [Synth 8-638] synthesizing module 'VGA' [/nfs/home/sasl/eleves/ei-se/3410586/drone/FPGA/Sources/VGA.vhd:24]
INFO: [Synth 8-256] done synthesizing module 'VGA' (24#1) [/nfs/home/sasl/eleves/ei-se/3410586/drone/FPGA/Sources/VGA.vhd:24]
INFO: [Synth 8-256] done synthesizing module 'top' (25#1) [/nfs/home/sasl/eleves/ei-se/3410586/drone/FPGA/Sources/top.vhd:29]
---------------------------------------------------------------------------------
Finished RTL Elaboration : Time (s): cpu = 00:00:04 ; elapsed = 00:00:05 . Memory (MB): peak = 928.457 ; gain = 182.969 ; free physical = 1139 ; free virtual = 4370
---------------------------------------------------------------------------------

Report Check Netlist: 
+------+------------------+-------+---------+-------+------------------+
|      |Item              |Errors |Warnings |Status |Description       |
+------+------------------+-------+---------+-------+------------------+
|1     |multi_driven_nets |      0|        0|Passed |Multi driven nets |
+------+------------------+-------+---------+-------+------------------+
---------------------------------------------------------------------------------
Finished RTL Optimization Phase 1 : Time (s): cpu = 00:00:04 ; elapsed = 00:00:05 . Memory (MB): peak = 928.457 ; gain = 182.969 ; free physical = 1139 ; free virtual = 4370
---------------------------------------------------------------------------------
Loading clock regions from /opt/Xilinx/Vivado/2014.4/data/parts/xilinx/zynq/zynq/xc7z020/ClockRegion.xml
Loading clock buffers from /opt/Xilinx/Vivado/2014.4/data/parts/xilinx/zynq/zynq/xc7z020/ClockBuffers.xml
Loading clock placement rules from /opt/Xilinx/Vivado/2014.4/data/parts/xilinx/zynq/ClockPlacerRules.xml
Loading package pin functions from /opt/Xilinx/Vivado/2014.4/data/parts/xilinx/zynq/PinFunctions.xml...
Loading package from /opt/Xilinx/Vivado/2014.4/data/parts/xilinx/zynq/zynq/xc7z020/clg484/Package.xml
Loading io standards from /opt/Xilinx/Vivado/2014.4/data/./parts/xilinx/zynq/IOStandards.xml
INFO: [Project 1-570] Preparing netlist for logic optimization

Processing XDC Constraints
Initializing timing engine
Parsing XDC File [/nfs/home/sasl/eleves/ei-se/3410586/drone/FPGA/FPGArcade/FPGArcade.srcs/constrs_1/new/Constraint.xdc]
Finished Parsing XDC File [/nfs/home/sasl/eleves/ei-se/3410586/drone/FPGA/FPGArcade/FPGArcade.srcs/constrs_1/new/Constraint.xdc]
Completed Processing XDC Constraints

INFO: [Project 1-111] Unisim Transformation Summary:
No Unisim elements were transformed.

Constraint Validation Runtime : Time (s): cpu = 00:00:00.01 ; elapsed = 00:00:00.01 . Memory (MB): peak = 1287.934 ; gain = 0.000 ; free physical = 927 ; free virtual = 4158
---------------------------------------------------------------------------------
Finished Constraint Validation : Time (s): cpu = 00:00:09 ; elapsed = 00:00:10 . Memory (MB): peak = 1287.934 ; gain = 542.445 ; free physical = 926 ; free virtual = 4156
---------------------------------------------------------------------------------
---------------------------------------------------------------------------------
Start Loading Part and Timing Information
---------------------------------------------------------------------------------
Loading part: xc7z020clg484-1
---------------------------------------------------------------------------------
Finished Loading Part and Timing Information : Time (s): cpu = 00:00:09 ; elapsed = 00:00:10 . Memory (MB): peak = 1287.934 ; gain = 542.445 ; free physical = 926 ; free virtual = 4156
---------------------------------------------------------------------------------
---------------------------------------------------------------------------------
Start Applying 'set_property' XDC Constraints
---------------------------------------------------------------------------------
---------------------------------------------------------------------------------
Finished applying 'set_property' XDC Constraints : Time (s): cpu = 00:00:09 ; elapsed = 00:00:10 . Memory (MB): peak = 1287.934 ; gain = 542.445 ; free physical = 926 ; free virtual = 4156
---------------------------------------------------------------------------------
ROM "qa" won't be mapped to Block RAM because address size (2) smaller than threshold (5) 
ROM "qb" won't be mapped to Block RAM because address size (2) smaller than threshold (5) 
INFO: [Synth 8-802] inferred FSM for state register 'etat_present_reg' in module 'Move'
ROM "etat_prochain" won't be mapped to Block RAM because address size (1) smaller than threshold (5) 
INFO: [Synth 8-41] '_-' operator could not be merged with '+' operator due to loss of accuracy [/nfs/home/sasl/eleves/ei-se/3410586/drone/FPGA/Sources/pad.vhd:205]
INFO: [Synth 8-41] '_-' operator could not be merged with '+' operator due to loss of accuracy [/nfs/home/sasl/eleves/ei-se/3410586/drone/FPGA/Sources/pad.vhd:205]
INFO: [Synth 8-41] '_-' operator could not be merged with '+' operator due to loss of accuracy [/nfs/home/sasl/eleves/ei-se/3410586/drone/FPGA/Sources/pad.vhd:205]
ROM "inc_type" won't be mapped to Block RAM because address size (4) smaller than threshold (5) 
ROM "inc_type" won't be mapped to Block RAM because address size (4) smaller than threshold (5) 
ROM "inc_type" won't be mapped to Block RAM because address size (4) smaller than threshold (5) 
ROM "inc_type" won't be mapped to Block RAM because address size (4) smaller than threshold (5) 
ROM "inc_type" won't be mapped to Block RAM because address size (4) smaller than threshold (5) 
ROM "inc_type" won't be mapped to Block RAM because address size (4) smaller than threshold (5) 
ROM "inc_type" won't be mapped to Block RAM because address size (4) smaller than threshold (5) 
ROM "inc_type" won't be mapped to RAM because it is too sparse.
INFO: [Synth 8-802] inferred FSM for state register 'etat_present_reg' in module 'MAE'
ROM "etat_prochain" won't be mapped to Block RAM because address size (1) smaller than threshold (5) 
ROM "etat_prochain" won't be mapped to Block RAM because address size (1) smaller than threshold (5) 
ROM "etat_prochain" won't be mapped to Block RAM because address size (1) smaller than threshold (5) 
WARNING: [Synth 8-327] inferring latch for variable 'etat_prochain_reg' [/nfs/home/sasl/eleves/ei-se/3410586/drone/FPGA/Sources/move.vhd:27]
WARNING: [Synth 8-327] inferring latch for variable 'etat_prochain_reg' [/nfs/home/sasl/eleves/ei-se/3410586/drone/FPGA/Sources/move.vhd:27]
INFO: [Synth 8-3354] encoded FSM with state register 'etat_present_reg' using encoding 'sequential' in module 'Move'
WARNING: [Synth 8-327] inferring latch for variable 'FSM_sequential_etat_prochain_reg' [/nfs/home/sasl/eleves/ei-se/3410586/drone/FPGA/Sources/move.vhd:27]
WARNING: [Synth 8-327] inferring latch for variable 'etat_prochain_reg' [/nfs/home/sasl/eleves/ei-se/3410586/drone/FPGA/Sources/MAE.vhd:34]
WARNING: [Synth 8-327] inferring latch for variable 'etat_prochain_reg' [/nfs/home/sasl/eleves/ei-se/3410586/drone/FPGA/Sources/MAE.vhd:34]
INFO: [Synth 8-3354] encoded FSM with state register 'etat_present_reg' using encoding 'sequential' in module 'MAE'
WARNING: [Synth 8-327] inferring latch for variable 'FSM_sequential_etat_prochain_reg' [/nfs/home/sasl/eleves/ei-se/3410586/drone/FPGA/Sources/MAE.vhd:34]
WARNING: [Synth 8-3848] Net lost_game in module/entity game does not have driver. [/nfs/home/sasl/eleves/ei-se/3410586/drone/FPGA/Sources/game.vhd:57]
---------------------------------------------------------------------------------
Finished RTL Optimization Phase 2 : Time (s): cpu = 00:00:10 ; elapsed = 00:00:11 . Memory (MB): peak = 1287.934 ; gain = 542.445 ; free physical = 920 ; free virtual = 4149
---------------------------------------------------------------------------------

Report RTL Partitions: 
+-+--------------+------------+----------+
| |RTL Partition |Replication |Instances |
+-+--------------+------------+----------+
+-+--------------+------------+----------+
---------------------------------------------------------------------------------
Start RTL Component Statistics 
---------------------------------------------------------------------------------
Detailed RTL Component Info : 
+---Adders : 
	   3 Input     11 Bit       Adders := 1     
	   2 Input     10 Bit       Adders := 22    
	   2 Input      9 Bit       Adders := 9     
	   2 Input      8 Bit       Adders := 1     
	   2 Input      6 Bit       Adders := 1     
	   2 Input      4 Bit       Adders := 5     
	   2 Input      3 Bit       Adders := 1     
+---XORs : 
	   8 Input      1 Bit         XORs := 1     
	   2 Input      1 Bit         XORs := 1     
+---Registers : 
	               11 Bit    Registers := 1     
	               10 Bit    Registers := 7     
	                9 Bit    Registers := 6     
	                8 Bit    Registers := 4     
	                6 Bit    Registers := 1     
	                5 Bit    Registers := 1     
	                4 Bit    Registers := 6     
	                3 Bit    Registers := 1     
	                2 Bit    Registers := 6     
	                1 Bit    Registers := 36    
+---Muxes : 
	   2 Input     11 Bit        Muxes := 2     
	   2 Input     10 Bit        Muxes := 24    
	  13 Input     10 Bit        Muxes := 3     
	   7 Input     10 Bit        Muxes := 4     
	   6 Input     10 Bit        Muxes := 3     
	   2 Input      9 Bit        Muxes := 8     
	   3 Input      9 Bit        Muxes := 2     
	   2 Input      8 Bit        Muxes := 5     
	   2 Input      7 Bit        Muxes := 3     
	   2 Input      6 Bit        Muxes := 1     
	   2 Input      5 Bit        Muxes := 1     
	   2 Input      4 Bit        Muxes := 18    
	   6 Input      4 Bit        Muxes := 4     
	   7 Input      4 Bit        Muxes := 2     
	  13 Input      4 Bit        Muxes := 5     
	  11 Input      3 Bit        Muxes := 1     
	   2 Input      3 Bit        Muxes := 2     
	  13 Input      3 Bit        Muxes := 2     
	   4 Input      2 Bit        Muxes := 5     
	   2 Input      2 Bit        Muxes := 11    
	   2 Input      1 Bit        Muxes := 96    
	   3 Input      1 Bit        Muxes := 2     
	   7 Input      1 Bit        Muxes := 14    
	   4 Input      1 Bit        Muxes := 12    
	  19 Input      1 Bit        Muxes := 1     
	   6 Input      1 Bit        Muxes := 1     
	  13 Input      1 Bit        Muxes := 2     
	  20 Input      1 Bit        Muxes := 2     
---------------------------------------------------------------------------------
Finished RTL Component Statistics 
---------------------------------------------------------------------------------
---------------------------------------------------------------------------------
Start RTL Hierarchical Component Statistics 
---------------------------------------------------------------------------------
Hierarchical RTL Component report 
Module top 
Detailed RTL Component Info : 
Module ClkDiv 
Detailed RTL Component Info : 
+---Adders : 
	   2 Input      4 Bit       Adders := 1     
+---Registers : 
	                4 Bit    Registers := 1     
	                1 Bit    Registers := 1     
+---Muxes : 
	   2 Input      4 Bit        Muxes := 2     
	   2 Input      1 Bit        Muxes := 1     
Module switch_mgr 
Detailed RTL Component Info : 
Module button_mgr 
Detailed RTL Component Info : 
+---Registers : 
	                1 Bit    Registers := 3     
+---Muxes : 
	   2 Input      1 Bit        Muxes := 8     
Module rotary 
Detailed RTL Component Info : 
+---Registers : 
	                1 Bit    Registers := 5     
+---Muxes : 
	   3 Input      1 Bit        Muxes := 2     
	   2 Input      1 Bit        Muxes := 2     
Module Move 
Detailed RTL Component Info : 
+---Muxes : 
	  11 Input      3 Bit        Muxes := 1     
	   2 Input      1 Bit        Muxes := 10    
	   7 Input      1 Bit        Muxes := 2     
Module ip_rotary 
Detailed RTL Component Info : 
Module UARTcomponent 
Detailed RTL Component Info : 
+---Adders : 
	   2 Input      9 Bit       Adders := 1     
	   2 Input      4 Bit       Adders := 4     
+---XORs : 
	   8 Input      1 Bit         XORs := 1     
+---Registers : 
	               11 Bit    Registers := 1     
	               10 Bit    Registers := 1     
	                9 Bit    Registers := 1     
	                8 Bit    Registers := 1     
	                4 Bit    Registers := 4     
	                2 Bit    Registers := 3     
	                1 Bit    Registers := 2     
+---Muxes : 
	   2 Input     11 Bit        Muxes := 2     
	   2 Input      9 Bit        Muxes := 1     
	   2 Input      4 Bit        Muxes := 3     
	   4 Input      2 Bit        Muxes := 3     
	   2 Input      2 Bit        Muxes := 4     
	   4 Input      1 Bit        Muxes := 10    
	   2 Input      1 Bit        Muxes := 1     
Module move_RS232 
Detailed RTL Component Info : 
+---Adders : 
	   2 Input      9 Bit       Adders := 1     
	   2 Input      8 Bit       Adders := 1     
+---Registers : 
	                9 Bit    Registers := 1     
	                8 Bit    Registers := 3     
	                1 Bit    Registers := 7     
+---Muxes : 
	   2 Input      9 Bit        Muxes := 1     
	   2 Input      8 Bit        Muxes := 5     
	   2 Input      1 Bit        Muxes := 11    
Module ip_uart 
Detailed RTL Component Info : 
Module decor 
Detailed RTL Component Info : 
+---XORs : 
	   2 Input      1 Bit         XORs := 1     
+---Muxes : 
	   2 Input      1 Bit        Muxes := 5     
Module pad 
Detailed RTL Component Info : 
+---Adders : 
	   3 Input     11 Bit       Adders := 1     
	   2 Input     10 Bit       Adders := 7     
	   2 Input      9 Bit       Adders := 7     
+---Registers : 
	               10 Bit    Registers := 1     
	                9 Bit    Registers := 2     
+---Muxes : 
	   3 Input      9 Bit        Muxes := 2     
	   2 Input      7 Bit        Muxes := 3     
	   2 Input      6 Bit        Muxes := 1     
	   2 Input      4 Bit        Muxes := 1     
	   2 Input      1 Bit        Muxes := 13    
Module bounce 
Detailed RTL Component Info : 
+---Registers : 
	                9 Bit    Registers := 2     
	                1 Bit    Registers := 11    
+---Muxes : 
	   2 Input      9 Bit        Muxes := 6     
	   2 Input      1 Bit        Muxes := 12    
	  19 Input      1 Bit        Muxes := 1     
Module ball 
Detailed RTL Component Info : 
+---Adders : 
	   2 Input     10 Bit       Adders := 12    
	   2 Input      3 Bit       Adders := 1     
+---Registers : 
	               10 Bit    Registers := 2     
	                5 Bit    Registers := 1     
	                4 Bit    Registers := 1     
	                3 Bit    Registers := 1     
	                2 Bit    Registers := 1     
	                1 Bit    Registers := 3     
+---Muxes : 
	   2 Input     10 Bit        Muxes := 22    
	  13 Input     10 Bit        Muxes := 3     
	   7 Input     10 Bit        Muxes := 4     
	   6 Input     10 Bit        Muxes := 3     
	   2 Input      5 Bit        Muxes := 1     
	   2 Input      4 Bit        Muxes := 12    
	   6 Input      4 Bit        Muxes := 4     
	   7 Input      4 Bit        Muxes := 2     
	  13 Input      4 Bit        Muxes := 5     
	   2 Input      3 Bit        Muxes := 2     
	  13 Input      3 Bit        Muxes := 1     
	   2 Input      2 Bit        Muxes := 2     
	   2 Input      1 Bit        Muxes := 17    
	   6 Input      1 Bit        Muxes := 1     
	   7 Input      1 Bit        Muxes := 4     
	  13 Input      1 Bit        Muxes := 2     
Module brick_ctrl 
Detailed RTL Component Info : 
Module objects 
Detailed RTL Component Info : 
Module display 
Detailed RTL Component Info : 
+---Muxes : 
	  20 Input      1 Bit        Muxes := 2     
	   2 Input      1 Bit        Muxes := 2     
Module Tempo_pause 
Detailed RTL Component Info : 
+---Adders : 
	   2 Input     10 Bit       Adders := 1     
+---Registers : 
	               10 Bit    Registers := 1     
	                1 Bit    Registers := 1     
+---Muxes : 
	   2 Input      1 Bit        Muxes := 3     
Module Timer_Lost 
Detailed RTL Component Info : 
+---Adders : 
	   2 Input      6 Bit       Adders := 1     
+---Registers : 
	                6 Bit    Registers := 1     
	                1 Bit    Registers := 1     
+---Muxes : 
	   2 Input      1 Bit        Muxes := 2     
Module MAE 
Detailed RTL Component Info : 
+---Muxes : 
	  13 Input      3 Bit        Muxes := 1     
	   2 Input      1 Bit        Muxes := 8     
	   7 Input      1 Bit        Muxes := 8     
Module mode 
Detailed RTL Component Info : 
Module game_mgr 
Detailed RTL Component Info : 
+---Registers : 
	                2 Bit    Registers := 1     
+---Muxes : 
	   4 Input      2 Bit        Muxes := 1     
	   2 Input      2 Bit        Muxes := 2     
	   4 Input      1 Bit        Muxes := 1     
Module master_slave_mgr 
Detailed RTL Component Info : 
+---Registers : 
	                2 Bit    Registers := 1     
+---Muxes : 
	   4 Input      2 Bit        Muxes := 1     
	   2 Input      2 Bit        Muxes := 3     
	   2 Input      1 Bit        Muxes := 1     
	   4 Input      1 Bit        Muxes := 1     
Module game 
Detailed RTL Component Info : 
Module VGA 
Detailed RTL Component Info : 
+---Adders : 
	   2 Input     10 Bit       Adders := 2     
+---Registers : 
	               10 Bit    Registers := 2     
	                1 Bit    Registers := 2     
+---Muxes : 
	   2 Input     10 Bit        Muxes := 2     
---------------------------------------------------------------------------------
Finished RTL Hierarchical Component Statistics
---------------------------------------------------------------------------------
---------------------------------------------------------------------------------
Start Part Resource Summary
---------------------------------------------------------------------------------
Part Resources:
DSPs: 220 (col length:60)
BRAMs: 280 (col length: RAMB18 60 RAMB36 30)
---------------------------------------------------------------------------------
Finished Part Resource Summary
---------------------------------------------------------------------------------
Start Parallel Synthesis Optimization  : Time (s): cpu = 00:00:10 ; elapsed = 00:00:11 . Memory (MB): peak = 1287.934 ; gain = 542.445 ; free physical = 920 ; free virtual = 4149
---------------------------------------------------------------------------------
Start Cross Boundary Optimization
---------------------------------------------------------------------------------
---------------------------------------------------------------------------------
Finished Cross Boundary Optimization : Time (s): cpu = 00:00:10 ; elapsed = 00:00:11 . Memory (MB): peak = 1287.934 ; gain = 542.445 ; free physical = 920 ; free virtual = 4150
---------------------------------------------------------------------------------
Finished Parallel Reinference  : Time (s): cpu = 00:00:10 ; elapsed = 00:00:11 . Memory (MB): peak = 1287.934 ; gain = 542.445 ; free physical = 920 ; free virtual = 4150

Report RTL Partitions: 
+-+--------------+------------+----------+
| |RTL Partition |Replication |Instances |
+-+--------------+------------+----------+
+-+--------------+------------+----------+
---------------------------------------------------------------------------------
Start RAM, DSP and Shift Register Reporting
---------------------------------------------------------------------------------
---------------------------------------------------------------------------------
Finished RAM, DSP and Shift Register Reporting
---------------------------------------------------------------------------------
INFO: [Synth 8-3333] propagating constant 1 across sequential element (\RS232/RS232/TX_BUF_reg[10] )
INFO: [Synth 8-3333] propagating constant 0 across sequential element (\obj_ctrl/bounce_ctrl/barrier_bounce_reg )
INFO: [Synth 8-3333] propagating constant 1 across sequential element (\obj_ctrl/pad_ctrl/p_0_out_inferred__0 /\obj_ctrl/pad_ctrl/xpad_reg[0] )
WARNING: [Synth 8-3332] Sequential element (\obj_ctrl/pad_ctrl/ypong_left_reg[1] ) is unused and will be removed from module top.
WARNING: [Synth 8-3332] Sequential element (\obj_ctrl/pad_ctrl/ypong_left_reg[0] ) is unused and will be removed from module top.
WARNING: [Synth 8-3332] Sequential element (\obj_ctrl/pad_ctrl/xpad_reg[0] ) is unused and will be removed from module top.
WARNING: [Synth 8-3332] Sequential element (\obj_ctrl/pad_ctrl/ypong_right_reg[1] ) is unused and will be removed from module top.
WARNING: [Synth 8-3332] Sequential element (\obj_ctrl/pad_ctrl/ypong_right_reg[0] ) is unused and will be removed from module top.
WARNING: [Synth 8-3332] Sequential element (\obj_ctrl/bounce_ctrl/barrier_bounce_reg ) is unused and will be removed from module top.
WARNING: [Synth 8-3332] Sequential element (\obj_ctrl/ball_ctrl/barrier_bounce_ok_reg ) is unused and will be removed from module top.
WARNING: [Synth 8-3332] Sequential element (\RS232/direction/message_TX_reg[6] ) is unused and will be removed from module top.
WARNING: [Synth 8-3332] Sequential element (\RS232/direction/message_TX_reg[5] ) is unused and will be removed from module top.
WARNING: [Synth 8-3332] Sequential element (\RS232/direction/message_TX_reg[3] ) is unused and will be removed from module top.
WARNING: [Synth 8-3332] Sequential element (\RS232/direction/message_TX_reg[2] ) is unused and will be removed from module top.
WARNING: [Synth 8-3332] Sequential element (\RS232/direction/data_TX_reg[6] ) is unused and will be removed from module top.
WARNING: [Synth 8-3332] Sequential element (\RS232/direction/data_TX_reg[5] ) is unused and will be removed from module top.
WARNING: [Synth 8-3332] Sequential element (\RS232/direction/data_TX_reg[3] ) is unused and will be removed from module top.
WARNING: [Synth 8-3332] Sequential element (\RS232/direction/data_TX_reg[2] ) is unused and will be removed from module top.
WARNING: [Synth 8-3332] Sequential element (\RS232/RS232/TX_BUF_reg[10] ) is unused and will be removed from module top.
WARNING: [Synth 8-3332] Sequential element (\RS232/direction/RS232_press_reg ) is unused and will be removed from module top.
WARNING: [Synth 8-3332] Sequential element (\game_ctrl/mmode/Temporisation_pause/compteur_reg[9] ) is unused and will be removed from module top.
WARNING: [Synth 8-3332] Sequential element (\game_ctrl/mmode/Temporisation_pause/compteur_reg[8] ) is unused and will be removed from module top.
WARNING: [Synth 8-3332] Sequential element (\game_ctrl/mmode/Temporisation_pause/compteur_reg[7] ) is unused and will be removed from module top.
WARNING: [Synth 8-3332] Sequential element (\game_ctrl/mmode/Temporisation_pause/compteur_reg[6] ) is unused and will be removed from module top.
WARNING: [Synth 8-3332] Sequential element (\game_ctrl/mmode/Temporisation_pause/compteur_reg[5] ) is unused and will be removed from module top.
WARNING: [Synth 8-3332] Sequential element (\game_ctrl/mmode/Temporisation_pause/compteur_reg[4] ) is unused and will be removed from module top.
WARNING: [Synth 8-3332] Sequential element (\game_ctrl/mmode/Temporisation_pause/compteur_reg[3] ) is unused and will be removed from module top.
WARNING: [Synth 8-3332] Sequential element (\game_ctrl/mmode/Temporisation_pause/compteur_reg[2] ) is unused and will be removed from module top.
WARNING: [Synth 8-3332] Sequential element (\game_ctrl/mmode/Temporisation_pause/compteur_reg[1] ) is unused and will be removed from module top.
WARNING: [Synth 8-3332] Sequential element (\game_ctrl/mmode/Temporisation_pause/compteur_reg[0] ) is unused and will be removed from module top.
---------------------------------------------------------------------------------
Start Area Optimization
---------------------------------------------------------------------------------
---------------------------------------------------------------------------------
Finished Area Optimization : Time (s): cpu = 00:00:14 ; elapsed = 00:00:15 . Memory (MB): peak = 1287.934 ; gain = 542.445 ; free physical = 902 ; free virtual = 4132
---------------------------------------------------------------------------------
---------------------------------------------------------------------------------
Finished Area Optimization : Time (s): cpu = 00:00:14 ; elapsed = 00:00:15 . Memory (MB): peak = 1287.934 ; gain = 542.445 ; free physical = 902 ; free virtual = 4132
---------------------------------------------------------------------------------
Finished Parallel Area Optimization  : Time (s): cpu = 00:00:14 ; elapsed = 00:00:15 . Memory (MB): peak = 1287.934 ; gain = 542.445 ; free physical = 902 ; free virtual = 4132

Report RTL Partitions: 
+-+--------------+------------+----------+
| |RTL Partition |Replication |Instances |
+-+--------------+------------+----------+
+-+--------------+------------+----------+
Finished Parallel Synthesis Optimization  : Time (s): cpu = 00:00:14 ; elapsed = 00:00:15 . Memory (MB): peak = 1287.934 ; gain = 542.445 ; free physical = 902 ; free virtual = 4132
---------------------------------------------------------------------------------
Start Timing Optimization
---------------------------------------------------------------------------------
---------------------------------------------------------------------------------
Start Applying XDC Timing Constraints
---------------------------------------------------------------------------------
---------------------------------------------------------------------------------
Finished Applying XDC Timing Constraints : Time (s): cpu = 00:00:19 ; elapsed = 00:00:21 . Memory (MB): peak = 1287.934 ; gain = 542.445 ; free physical = 742 ; free virtual = 4002
---------------------------------------------------------------------------------
---------------------------------------------------------------------------------
Finished Timing Optimization : Time (s): cpu = 00:00:19 ; elapsed = 00:00:21 . Memory (MB): peak = 1287.934 ; gain = 542.445 ; free physical = 742 ; free virtual = 4001
---------------------------------------------------------------------------------

Report RTL Partitions: 
+-+--------------+------------+----------+
| |RTL Partition |Replication |Instances |
+-+--------------+------------+----------+
+-+--------------+------------+----------+
---------------------------------------------------------------------------------
Start Technology Mapping
---------------------------------------------------------------------------------
---------------------------------------------------------------------------------
Finished Technology Mapping : Time (s): cpu = 00:00:20 ; elapsed = 00:00:21 . Memory (MB): peak = 1287.934 ; gain = 542.445 ; free physical = 715 ; free virtual = 3975
---------------------------------------------------------------------------------

Report RTL Partitions: 
+-+--------------+------------+----------+
| |RTL Partition |Replication |Instances |
+-+--------------+------------+----------+
+-+--------------+------------+----------+
---------------------------------------------------------------------------------
Start IO Insertion
---------------------------------------------------------------------------------
---------------------------------------------------------------------------------
Start Flattening Before IO Insertion
---------------------------------------------------------------------------------
---------------------------------------------------------------------------------
Finished Flattening Before IO Insertion
---------------------------------------------------------------------------------
---------------------------------------------------------------------------------
Start Final Netlist Cleanup
---------------------------------------------------------------------------------
---------------------------------------------------------------------------------
Finished Final Netlist Cleanup
---------------------------------------------------------------------------------
---------------------------------------------------------------------------------
Finished IO Insertion : Time (s): cpu = 00:00:20 ; elapsed = 00:00:22 . Memory (MB): peak = 1287.934 ; gain = 542.445 ; free physical = 715 ; free virtual = 3974
---------------------------------------------------------------------------------

Report Check Netlist: 
+------+------------------+-------+---------+-------+------------------+
|      |Item              |Errors |Warnings |Status |Description       |
+------+------------------+-------+---------+-------+------------------+
|1     |multi_driven_nets |      0|        0|Passed |Multi driven nets |
+------+------------------+-------+---------+-------+------------------+
---------------------------------------------------------------------------------
Start Renaming Generated Instances
---------------------------------------------------------------------------------
---------------------------------------------------------------------------------
Finished Renaming Generated Instances : Time (s): cpu = 00:00:20 ; elapsed = 00:00:22 . Memory (MB): peak = 1287.934 ; gain = 542.445 ; free physical = 715 ; free virtual = 3974
---------------------------------------------------------------------------------

Report RTL Partitions: 
+-+--------------+------------+----------+
| |RTL Partition |Replication |Instances |
+-+--------------+------------+----------+
+-+--------------+------------+----------+
---------------------------------------------------------------------------------
Start Rebuilding User Hierarchy
---------------------------------------------------------------------------------
---------------------------------------------------------------------------------
Finished Rebuilding User Hierarchy : Time (s): cpu = 00:00:20 ; elapsed = 00:00:22 . Memory (MB): peak = 1287.934 ; gain = 542.445 ; free physical = 715 ; free virtual = 3974
---------------------------------------------------------------------------------
---------------------------------------------------------------------------------
Start RAM, DSP and Shift Register Reporting
---------------------------------------------------------------------------------
---------------------------------------------------------------------------------
Finished RAM, DSP and Shift Register Reporting
---------------------------------------------------------------------------------
---------------------------------------------------------------------------------
Start Writing Synthesis Report
---------------------------------------------------------------------------------

Report BlackBoxes: 
+-+--------------+----------+
| |BlackBox name |Instances |
+-+--------------+----------+
+-+--------------+----------+

Report Cell Usage: 
+------+-------+------+
|      |Cell   |Count |
+------+-------+------+
|1     |BUFG   |     3|
|2     |CARRY4 |    69|
|3     |LUT1   |    67|
|4     |LUT2   |   112|
|5     |LUT3   |   132|
|6     |LUT4   |   197|
|7     |LUT5   |   117|
|8     |LUT6   |   367|
|9     |MUXF7  |     4|
|10    |FDCE   |   179|
|11    |FDPE   |    59|
|12    |FDRE   |    15|
|13    |LDC    |     6|
|14    |IBUF   |    13|
|15    |OBUF   |    14|
+------+-------+------+

Report Instance Areas: 
+------+------------------------+-----------------+------+
|      |Instance                |Module           |Cells |
+------+------------------------+-----------------+------+
|1     |top                     |                 |  1354|
|2     |  RS232                 |ip_uart          |   181|
|3     |    RS232               |UARTcomponent    |   125|
|4     |    direction           |move_RS232       |    56|
|5     |  buttons               |button_mgr       |    67|
|6     |  clkgen                |ClkDiv           |    10|
|7     |  codeur                |ip_rotary        |    29|
|8     |    IP_Move             |Move             |    20|
|9     |    codeur              |rotary           |     9|
|10    |  game_ctrl             |game             |    53|
|11    |    game_manager        |game_mgr         |     9|
|12    |    master_slave_select |master_slave_mgr |    10|
|13    |    mmode               |mode             |    34|
|14    |      MAETAT            |MAE              |    19|
|15    |      Timerr_Lost       |Timer_Lost       |    15|
|16    |  obj_ctrl              |objects          |   703|
|17    |    ball_ctrl           |ball             |   439|
|18    |    bounce_ctrl         |bounce           |    43|
|19    |    pad_ctrl            |pad              |   221|
|20    |  vga_ctrl              |VGA              |   280|
+------+------------------------+-----------------+------+
---------------------------------------------------------------------------------
Finished Writing Synthesis Report : Time (s): cpu = 00:00:20 ; elapsed = 00:00:22 . Memory (MB): peak = 1287.934 ; gain = 542.445 ; free physical = 715 ; free virtual = 3974
---------------------------------------------------------------------------------
Synthesis finished with 0 errors, 0 critical warnings and 34 warnings.
Synthesis Optimization Runtime : Time (s): cpu = 00:00:16 ; elapsed = 00:00:17 . Memory (MB): peak = 1287.934 ; gain = 90.234 ; free physical = 715 ; free virtual = 3974
Synthesis Optimization Complete : Time (s): cpu = 00:00:20 ; elapsed = 00:00:22 . Memory (MB): peak = 1287.934 ; gain = 542.445 ; free physical = 715 ; free virtual = 3974
INFO: [Project 1-571] Translating synthesized netlist
INFO: [Netlist 29-17] Analyzing 88 Unisim elements for replacement
INFO: [Netlist 29-28] Unisim Transformation completed in 0 CPU seconds
INFO: [Project 1-570] Preparing netlist for logic optimization
INFO: [Opt 31-140] Inserted 0 IBUFs to IO ports without IO buffers.
INFO: [Opt 31-141] Inserted 0 OBUFs to IO ports without IO buffers.
INFO: [Opt 31-138] Pushed 0 inverter(s) to 0 load pin(s).
INFO: [Project 1-111] Unisim Transformation Summary:
  A total of 6 instances were transformed.
  LDC => LDCE: 6 instances

INFO: [Common 17-83] Releasing license: Synthesis
73 Infos, 36 Warnings, 0 Critical Warnings and 0 Errors encountered.
synth_design completed successfully
synth_design: Time (s): cpu = 00:00:20 ; elapsed = 00:00:21 . Memory (MB): peak = 1287.934 ; gain = 449.711 ; free physical = 713 ; free virtual = 3972
# write_checkpoint -noxdef top.dcp
# catch { report_utilization -file top_utilization_synth.rpt -pb top_utilization_synth.pb }
report_utilization: Time (s): cpu = 00:00:00.07 ; elapsed = 00:00:00.12 . Memory (MB): peak = 1287.934 ; gain = 0.000 ; free physical = 709 ; free virtual = 3968
INFO: [Common 17-206] Exiting Vivado at Tue May  3 17:14:22 2016...
