#
# An unexpected error has occurred (11)
#
Stack:
/lib/x86_64-linux-gnu/libc.so.6(+0x36d40) [0x7f28741dad40]
/opt/Xilinx/Vivado/2014.4/lib/lnx64.o/librdi_psta.so(sta::Levelize::ensureLatchLevels()+0x64) [0x7f28577d59f4]
/opt/Xilinx/Vivado/2014.4/lib/lnx64.o/librdi_psta.so(sta::Levelize::levelize()+0xb2) [0x7f28577d72d2]
/opt/Xilinx/Vivado/2014.4/lib/lnx64.o/librdi_psta.so(XilinxSta::findDelays()+0x12) [0x7f285773c122]
/opt/Xilinx/Vivado/2014.4/lib/lnx64.o/librdi_psta.so(sta::Sta::searchPreamble()+0xd) [0x7f2857829dfd]
/opt/Xilinx/Vivado/2014.4/lib/lnx64.o/librdi_timing.so(HASTCMBClockGenerator::deriveAllCMBClocks()+0x245) [0x7f285614a635]
/opt/Xilinx/Vivado/2014.4/lib/lnx64.o/librdi_timing.so(HAST3Sta::populateAutoConstraints(bool)+0x159) [0x7f28563dae49]
/opt/Xilinx/Vivado/2014.4/lib/lnx64.o/librdi_timing.so(HAST3TimeAhead::initTimingUpdate(HSTString const&, HASTUpdateTimingParams const&, HDGUIStatus*)+0x359) [0x7f2856406839]
/opt/Xilinx/Vivado/2014.4/lib/lnx64.o/librdi_timing.so(HAST3TimeAhead::updateTiming(HASTUpdateTimingParams const&, HDGUIStatus*)+0x52b) [0x7f28564137bb]
/opt/Xilinx/Vivado/2014.4/lib/lnx64.o/librdi_place.so(HAPLFTiming::HAPLFTiming(HAPLPlaceApi const&, bool, HAPLFFlowTimers&)+0x7b2) [0x7f2859960f52]
/opt/Xilinx/Vivado/2014.4/lib/lnx64.o/librdi_place.so(HAPLFTimingHelper::makeTiming(HAPLPlaceApi const&, double const*, bool)+0x60) [0x7f285997f8c0]
/opt/Xilinx/Vivado/2014.4/lib/lnx64.o/librdi_place.so(HAPLFTimingHelper::initShapeDependent(HAPLPlaceApi const&, HDPLBinPlane3 const&, bool)+0xa1) [0x7f285997f9d1]
/opt/Xilinx/Vivado/2014.4/lib/lnx64.o/librdi_place.so(HAPLFFlowInitializer::parallelPlaceIOClockAndInit(HDPLLocSet&, HSTVector<HDLHTerminal const*, std::allocator<HDLHTerminal const*> >&, HSTVector<HDLHTerminal const*, std::allocator<HDLHTerminal const*> >&, bool&, bool&, bool&)+0x19c) [0x7f285982006c]
/opt/Xilinx/Vivado/2014.4/lib/lnx64.o/librdi_place.so(HAPLFFlowInitializer::placeIOClockAndInit()+0x226) [0x7f28598205b6]
/opt/Xilinx/Vivado/2014.4/lib/lnx64.o/librdi_place.so(HAPLFFlowInitializer::run()+0x111) [0x7f28598232f1]
/opt/Xilinx/Vivado/2014.4/lib/lnx64.o/librdi_implflow.so(HAPLFFastPlace3::initializeBody(HAPLPlaceApi&, HFLFloorplan&, HDPLTask&, HAPLFFastFlowParam const&)+0x53) [0x7f284886f683]
/opt/Xilinx/Vivado/2014.4/lib/lnx64.o/librdi_implflow.so(HAPLFFastPlace3::initialize(HAPLPlaceApi&, HFLFloorplan&, HDPLTask&, HAPLFFastFlowParam const&)+0x106) [0x7f284886f906]
/opt/Xilinx/Vivado/2014.4/lib/lnx64.o/librdi_implflow.so(HAPLFFastPlace3::place(HAPLPlaceApi&, HFLFloorplan&, HAPLFFastFlowParam const&, HDPLTask&)+0x22) [0x7f2848886382]
/opt/Xilinx/Vivado/2014.4/lib/lnx64.o/librdi_implflow.so(HAPLFFastFlow3::place(HAPLFFastFlowParam const&)+0x8ed) [0x7f284886393d]
/opt/Xilinx/Vivado/2014.4/lib/lnx64.o/librdi_vivadotasks.so(+0x19f024) [0x7f2848f9c024]
/opt/Xilinx/Vivado/2014.4/lib/lnx64.o/librdi_vivadotasks.so(+0x1a1f93) [0x7f2848f9ef93]
/opt/Xilinx/Vivado/2014.4/lib/lnx64.o/librdi_common.so(+0x556583) [0x7f28751e3583]
/opt/Xilinx/Vivado/2014.4/lib/lnx64.o/libtcl8.5.so(+0x331f5) [0x7f28700c91f5]
/opt/Xilinx/Vivado/2014.4/lib/lnx64.o/libtcl8.5.so(+0x76bbe) [0x7f287010cbbe]
/opt/Xilinx/Vivado/2014.4/lib/lnx64.o/libtcl8.5.so(+0x7e767) [0x7f2870114767]
/opt/Xilinx/Vivado/2014.4/lib/lnx64.o/libtcl8.5.so(TclEvalObjEx+0x77) [0x7f28700cb327]
/opt/Xilinx/Vivado/2014.4/lib/lnx64.o/librdi_commontasks.so(+0x2adc74) [0x7f286cbb0c74]
/opt/Xilinx/Vivado/2014.4/lib/lnx64.o/libtcl8.5.so(+0x331f5) [0x7f28700c91f5]
/opt/Xilinx/Vivado/2014.4/lib/lnx64.o/libtcl8.5.so(+0x34d6b) [0x7f28700cad6b]
/opt/Xilinx/Vivado/2014.4/lib/lnx64.o/libtcl8.5.so(+0xad531) [0x7f2870143531]
/opt/Xilinx/Vivado/2014.4/lib/lnx64.o/libtcl8.5.so(+0x3491c) [0x7f28700ca91c]
/opt/Xilinx/Vivado/2014.4/lib/lnx64.o/libtcl8.5.so(Tcl_EvalEx+0x16) [0x7f28700cb276]
/opt/Xilinx/Vivado/2014.4/lib/lnx64.o/libtcl8.5.so(Tcl_FSEvalFileEx+0x1d2) [0x7f287012fd02]
/opt/Xilinx/Vivado/2014.4/lib/lnx64.o/librdi_commontasks.so(+0x2ca7f7) [0x7f286cbcd7f7]
/opt/Xilinx/Vivado/2014.4/lib/lnx64.o/librdi_common.so(+0x556583) [0x7f28751e3583]
/opt/Xilinx/Vivado/2014.4/lib/lnx64.o/libtcl8.5.so(+0x331f5) [0x7f28700c91f5]
/opt/Xilinx/Vivado/2014.4/lib/lnx64.o/libtcl8.5.so(Tcl_EvalObjv+0x32) [0x7f28700c97e2]
/opt/Xilinx/Vivado/2014.4/lib/lnx64.o/libtcl8.5.so(TclEvalObjEx+0x322) [0x7f28700cb5d2]
/opt/Xilinx/Vivado/2014.4/lib/lnx64.o/librdi_commontasks.so(+0x2ebb38) [0x7f286cbeeb38]
/opt/Xilinx/Vivado/2014.4/lib/lnx64.o/librdi_commontasks.so(+0x2ee8bd) [0x7f286cbf18bd]
/opt/Xilinx/Vivado/2014.4/lib/lnx64.o/librdi_commontasks.so(+0x2e7163) [0x7f286cbea163]
/opt/Xilinx/Vivado/2014.4/lib/lnx64.o/librdi_common.so(+0x556583) [0x7f28751e3583]
/opt/Xilinx/Vivado/2014.4/lib/lnx64.o/libtcl8.5.so(+0x331f5) [0x7f28700c91f5]
/opt/Xilinx/Vivado/2014.4/lib/lnx64.o/libtcl8.5.so(Tcl_EvalObjv+0x32) [0x7f28700c97e2]
/opt/Xilinx/Vivado/2014.4/lib/lnx64.o/libtcl8.5.so(TclEvalObjEx+0x322) [0x7f28700cb5d2]
/opt/Xilinx/Vivado/2014.4/lib/lnx64.o/librdi_commonmain.so(+0x7550) [0x7f2874a88550]
/opt/Xilinx/Vivado/2014.4/lib/lnx64.o/libtcl8.5.so(Tcl_Main+0x1d5) [0x7f2870136175]
/opt/Xilinx/Vivado/2014.4/lib/lnx64.o/librdi_common.so(+0x5854c9) [0x7f28752124c9]
/lib/x86_64-linux-gnu/libpthread.so.0(+0x8182) [0x7f2873c88182]
/lib/x86_64-linux-gnu/libc.so.6(clone+0x6d) [0x7f287429e47d]
