Copyright 1986-2014 Xilinx, Inc. All Rights Reserved.
------------------------------------------------------------------------------------
| Tool Version : Vivado v.2014.4 (lin64) Build 1071353 Tue Nov 18 16:47:07 MST 2014
| Date         : Tue May 10 17:31:55 2016
| Host         : pc4073 running 64-bit Linux Mint 17.1 Rebecca
| Command      : report_control_sets -verbose -file top_control_sets_placed.rpt
| Design       : top
| Device       : xc7z020
------------------------------------------------------------------------------------

Control Set Information

Table of Contents
-----------------
1. Summary
2. Flip-Flop Distribution
3. Detailed Control Set Information

1. Summary
----------

+-------------------------------------------------------------------+-------+
|                               Status                              | Count |
+-------------------------------------------------------------------+-------+
| Number of unique control sets                                     |    34 |
| Minimum Number of register sites lost to control set restrictions |   136 |
+-------------------------------------------------------------------+-------+


2. Flip-Flop Distribution
-------------------------

+--------------+-----------------------+------------------------+-----------------+--------------+
| Clock Enable | Synchronous Set/Reset | Asynchronous Set/Reset | Total Registers | Total Slices |
+--------------+-----------------------+------------------------+-----------------+--------------+
| No           | No                    | No                     |              17 |            9 |
| No           | No                    | Yes                    |              98 |           47 |
| No           | Yes                   | No                     |               6 |            3 |
| Yes          | No                    | No                     |               9 |            3 |
| Yes          | No                    | Yes                    |             142 |           68 |
| Yes          | Yes                   | No                     |               0 |            0 |
+--------------+-----------------------+------------------------+-----------------+--------------+


3. Detailed Control Set Information
-----------------------------------

+---------------------------------------------------------------------+-----------------------------------------------+-----------------------+------------------+----------------+
|                             Clock Signal                            |                 Enable Signal                 |    Set/Reset Signal   | Slice Load Count | Bel Load Count |
+---------------------------------------------------------------------+-----------------------------------------------+-----------------------+------------------+----------------+
|  RS232/RS232/TX_CLK                                                 | RS232/RS232/n_0_TX_BUF[9]_i_1                 | clkgen/O1             |                1 |              1 |
|  game_ctrl/mmode/MAETAT/Update_Timer_Lost                           |                                               |                       |                1 |              1 |
| ~endframe_BUFG                                                      |                                               |                       |                1 |              1 |
|  RS232/RS232/TX_CLK                                                 |                                               | RS232/RS232/O1        |                2 |              2 |
|  clk25_BUFG                                                         |                                               | clkgen/O1             |                1 |              2 |
|                                                                     |                                               | RS232/direction/O1    |                2 |              3 |
|  game_ctrl/mmode/MAETAT/n_0_FSM_sequential_etat_prochain_reg[2]_i_2 |                                               | RS232/direction/O1    |                1 |              3 |
|  clk25_BUFG                                                         | game_ctrl/mmode/MAETAT/E[0]                   | RS232/RS232/O1        |                3 |              3 |
|  clk25_BUFG                                                         | game_ctrl/master_slave_select/O8[0]           | obj_ctrl/ball_ctrl/O1 |                1 |              3 |
|  RX_CLK_BUFG                                                        | RS232/RS232/n_0_RX_BIT_NB[3]_i_1              | RS232/RS232/O1        |                1 |              4 |
|  clk25_BUFG                                                         | obj_ctrl/ball_ctrl/n_0_inc_type[3]_i_1        | RS232/direction/O1    |                2 |              4 |
|  clk25_BUFG                                                         | vga_ctrl/sel                                  | RS232/direction/O1    |                3 |              4 |
|  clk25_BUFG                                                         | game_ctrl/mmode/MAETAT/E[0]                   | obj_ctrl/ball_ctrl/O1 |                2 |              4 |
|  clk25_BUFG                                                         | game_ctrl/master_slave_select/O11[0]          | RS232/RS232/O1        |                2 |              4 |
|  RS232/RS232/TX_CLK                                                 |                                               | obj_ctrl/ball_ctrl/O1 |                1 |              4 |
|  clk25_BUFG                                                         | codeur/IP_Move/E[0]                           | RS232/direction/O1    |                1 |              5 |
|  clk25_BUFG                                                         |                                               | RS232/direction/O1    |                2 |              5 |
|  clk100_IBUF_BUFG                                                   |                                               | clkgen/O1             |                1 |              5 |
|  clk25_BUFG                                                         | obj_ctrl/ball_ctrl/n_0_zone_pad_bounce[4]_i_1 | obj_ctrl/ball_ctrl/O1 |                3 |              5 |
|  clk25_BUFG                                                         | game_ctrl/master_slave_select/O8[0]           | RS232/direction/O1    |                1 |              6 |
|  clk25_BUFG                                                         | vga_ctrl/sel                                  | obj_ctrl/ball_ctrl/O1 |                5 |              6 |
|  clk25_BUFG                                                         | game_ctrl/master_slave_select/O3[0]           | obj_ctrl/ball_ctrl/O1 |                4 |              7 |
|  RX_CLK_BUFG                                                        | RS232/RS232/RX_End                            | RS232/RS232/O1        |                1 |              8 |
|  clk25_BUFG                                                         | game_ctrl/master_slave_select/O6[0]           | RS232/direction/O1    |                3 |              8 |
| ~endframe_BUFG                                                      | obj_ctrl/fond_ecran/n_0_ybarrier[8]_i_1       |                       |                3 |              9 |
|  RS232/RS232/TX_CLK                                                 | RS232/RS232/n_0_TX_BUF[9]_i_1                 | RS232/RS232/O1        |                3 |              9 |
|  clk25_BUFG                                                         | game_ctrl/game_manager/O2[0]                  | RS232/direction/O1    |                3 |              9 |
|  RX_CLK_BUFG                                                        | RS232/RS232/RX_BIT_NB_INC                     | RS232/RS232/O1        |                3 |             10 |
|  RX_CLK_BUFG                                                        |                                               | RS232/RS232/O1        |                4 |             12 |
|  clk25_BUFG                                                         |                                               |                       |                7 |             15 |
|  clk25_BUFG                                                         | obj_ctrl/ball_ctrl/n_0_xball[9]_i_1           | obj_ctrl/ball_ctrl/O1 |               20 |             20 |
|  clk25_BUFG                                                         | buttons/n_0_compteur[0]_i_1                   | RS232/direction/O1    |                6 |             22 |
|  clk25_BUFG                                                         |                                               | RS232/RS232/O1        |               13 |             24 |
|  clk25_BUFG                                                         |                                               | obj_ctrl/ball_ctrl/O1 |               23 |             44 |
+---------------------------------------------------------------------+-----------------------------------------------+-----------------------+------------------+----------------+


